<?xml version="1.0" encoding="UTF-8"?>
<testsuite xmlns:xsi="http://www.w3.org/2001/XMLSchema-instance" xsi:noNamespaceSchemaLocation="https://maven.apache.org/surefire/maven-surefire-plugin/xsd/surefire-test-report-3.0.xsd" version="3.0" name="api.testcase.UserTest" time="7.43" tests="4" errors="0" skipped="0" failures="0">
  <properties>
    <property name="java.specification.version" value="23"/>
    <property name="sun.jnu.encoding" value="UTF-8"/>
    <property name="java.class.path" value="/Users/vipinyadav/eclipse-workspace/aaapnarestframework/target/test-classes:/Users/vipinyadav/eclipse-workspace/aaapnarestframework/target/classes:/Users/vipinyadav/.m2/repository/io/rest-assured/rest-assured/5.4.0/rest-assured-5.4.0.jar:/Users/vipinyadav/.m2/repository/org/apache/groovy/groovy/4.0.16/groovy-4.0.16.jar:/Users/vipinyadav/.m2/repository/org/apache/groovy/groovy-xml/4.0.16/groovy-xml-4.0.16.jar:/Users/vipinyadav/.m2/repository/org/apache/httpcomponents/httpclient/4.5.13/httpclient-4.5.13.jar:/Users/vipinyadav/.m2/repository/org/apache/httpcomponents/httpcore/4.4.13/httpcore-4.4.13.jar:/Users/vipinyadav/.m2/repository/commons-logging/commons-logging/1.2/commons-logging-1.2.jar:/Users/vipinyadav/.m2/repository/org/apache/httpcomponents/httpmime/4.5.13/httpmime-4.5.13.jar:/Users/vipinyadav/.m2/repository/org/hamcrest/hamcrest/2.2/hamcrest-2.2.jar:/Users/vipinyadav/.m2/repository/org/ccil/cowan/tagsoup/tagsoup/1.2.1/tagsoup-1.2.1.jar:/Users/vipinyadav/.m2/repository/org/testng/testng/7.8.0/testng-7.8.0.jar:/Users/vipinyadav/.m2/repository/org/slf4j/slf4j-api/1.7.36/slf4j-api-1.7.36.jar:/Users/vipinyadav/.m2/repository/com/beust/jcommander/1.82/jcommander-1.82.jar:/Users/vipinyadav/.m2/repository/org/webjars/jquery/3.6.1/jquery-3.6.1.jar:/Users/vipinyadav/.m2/repository/com/googlecode/json-simple/json-simple/1.1.1/json-simple-1.1.1.jar:/Users/vipinyadav/.m2/repository/junit/junit/4.10/junit-4.10.jar:/Users/vipinyadav/.m2/repository/org/hamcrest/hamcrest-core/1.1/hamcrest-core-1.1.jar:/Users/vipinyadav/.m2/repository/io/rest-assured/json-path/5.4.0/json-path-5.4.0.jar:/Users/vipinyadav/.m2/repository/org/apache/groovy/groovy-json/4.0.16/groovy-json-4.0.16.jar:/Users/vipinyadav/.m2/repository/io/rest-assured/rest-assured-common/5.4.0/rest-assured-common-5.4.0.jar:/Users/vipinyadav/.m2/repository/io/rest-assured/xml-path/5.4.0/xml-path-5.4.0.jar:/Users/vipinyadav/.m2/repository/org/apache/commons/commons-lang3/3.11/commons-lang3-3.11.jar:/Users/vipinyadav/.m2/repository/io/rest-assured/json-schema-validator/5.4.0/json-schema-validator-5.4.0.jar:/Users/vipinyadav/.m2/repository/com/github/java-json-tools/json-schema-validator/2.2.14/json-schema-validator-2.2.14.jar:/Users/vipinyadav/.m2/repository/com/github/java-json-tools/jackson-coreutils-equivalence/1.0/jackson-coreutils-equivalence-1.0.jar:/Users/vipinyadav/.m2/repository/com/fasterxml/jackson/core/jackson-databind/2.11.0/jackson-databind-2.11.0.jar:/Users/vipinyadav/.m2/repository/com/fasterxml/jackson/core/jackson-annotations/2.11.0/jackson-annotations-2.11.0.jar:/Users/vipinyadav/.m2/repository/com/fasterxml/jackson/core/jackson-core/2.11.0/jackson-core-2.11.0.jar:/Users/vipinyadav/.m2/repository/com/github/java-json-tools/jackson-coreutils/2.0/jackson-coreutils-2.0.jar:/Users/vipinyadav/.m2/repository/com/github/java-json-tools/msg-simple/1.2/msg-simple-1.2.jar:/Users/vipinyadav/.m2/repository/com/github/java-json-tools/btf/1.3/btf-1.3.jar:/Users/vipinyadav/.m2/repository/com/github/java-json-tools/json-schema-core/1.2.14/json-schema-core-1.2.14.jar:/Users/vipinyadav/.m2/repository/com/github/java-json-tools/uri-template/0.10/uri-template-0.10.jar:/Users/vipinyadav/.m2/repository/org/mozilla/rhino/1.7.7.2/rhino-1.7.7.2.jar:/Users/vipinyadav/.m2/repository/com/sun/mail/mailapi/1.6.2/mailapi-1.6.2.jar:/Users/vipinyadav/.m2/repository/joda-time/joda-time/2.10.5/joda-time-2.10.5.jar:/Users/vipinyadav/.m2/repository/com/googlecode/libphonenumber/libphonenumber/8.11.1/libphonenumber-8.11.1.jar:/Users/vipinyadav/.m2/repository/com/google/code/findbugs/jsr305/3.0.2/jsr305-3.0.2.jar:/Users/vipinyadav/.m2/repository/net/sf/jopt-simple/jopt-simple/5.0.4/jopt-simple-5.0.4.jar:/Users/vipinyadav/.m2/repository/com/google/guava/guava/32.0.1-jre/guava-32.0.1-jre.jar:/Users/vipinyadav/.m2/repository/com/google/guava/failureaccess/1.0.1/failureaccess-1.0.1.jar:/Users/vipinyadav/.m2/repository/com/google/guava/listenablefuture/9999.0-empty-to-avoid-conflict-with-guava/listenablefuture-9999.0-empty-to-avoid-conflict-with-guava.jar:/Users/vipinyadav/.m2/repository/org/checkerframework/checker-qual/3.33.0/checker-qual-3.33.0.jar:/Users/vipinyadav/.m2/repository/com/google/errorprone/error_prone_annotations/2.18.0/error_prone_annotations-2.18.0.jar:/Users/vipinyadav/.m2/repository/com/google/j2objc/j2objc-annotations/2.8/j2objc-annotations-2.8.jar:/Users/vipinyadav/.m2/repository/com/github/javafaker/javafaker/1.0.2/javafaker-1.0.2.jar:/Users/vipinyadav/.m2/repository/org/yaml/snakeyaml/1.23/snakeyaml-1.23-android.jar:/Users/vipinyadav/.m2/repository/com/github/mifmif/generex/1.0.2/generex-1.0.2.jar:/Users/vipinyadav/.m2/repository/dk/brics/automaton/automaton/1.11-8/automaton-1.11-8.jar:/Users/vipinyadav/.m2/repository/com/aventstack/extentreports/5.0.9/extentreports-5.0.9.jar:/Users/vipinyadav/.m2/repository/io/reactivex/rxjava3/rxjava/3.0.4/rxjava-3.0.4.jar:/Users/vipinyadav/.m2/repository/org/reactivestreams/reactive-streams/1.0.3/reactive-streams-1.0.3.jar:/Users/vipinyadav/.m2/repository/org/freemarker/freemarker/2.3.30/freemarker-2.3.30.jar:/Users/vipinyadav/.m2/repository/org/projectlombok/lombok/1.18.12/lombok-1.18.12.jar:/Users/vipinyadav/.m2/repository/com/google/code/gson/gson/2.8.6/gson-2.8.6.jar:/Users/vipinyadav/.m2/repository/org/apache/poi/poi-ooxml/5.2.3/poi-ooxml-5.2.3.jar:/Users/vipinyadav/.m2/repository/org/apache/poi/poi-ooxml-lite/5.2.3/poi-ooxml-lite-5.2.3.jar:/Users/vipinyadav/.m2/repository/org/apache/xmlbeans/xmlbeans/5.1.1/xmlbeans-5.1.1.jar:/Users/vipinyadav/.m2/repository/org/apache/commons/commons-compress/1.21/commons-compress-1.21.jar:/Users/vipinyadav/.m2/repository/commons-io/commons-io/2.11.0/commons-io-2.11.0.jar:/Users/vipinyadav/.m2/repository/com/github/virtuald/curvesapi/1.07/curvesapi-1.07.jar:/Users/vipinyadav/.m2/repository/org/apache/commons/commons-collections4/4.4/commons-collections4-4.4.jar:/Users/vipinyadav/.m2/repository/org/apache/poi/poi/5.2.5/poi-5.2.5.jar:/Users/vipinyadav/.m2/repository/commons-codec/commons-codec/1.16.0/commons-codec-1.16.0.jar:/Users/vipinyadav/.m2/repository/org/apache/commons/commons-math3/3.6.1/commons-math3-3.6.1.jar:/Users/vipinyadav/.m2/repository/com/zaxxer/SparseBitSet/1.3/SparseBitSet-1.3.jar:/Users/vipinyadav/.m2/repository/org/apache/logging/log4j/log4j-api/2.23.1/log4j-api-2.23.1.jar:/Users/vipinyadav/.m2/repository/org/apache/logging/log4j/log4j-core/2.23.1/log4j-core-2.23.1.jar:"/>
    <property name="java.vm.vendor" value="Oracle Corporation"/>
    <property name="sun.arch.data.model" value="64"/>
    <property name="java.vendor.url" value="https://java.oracle.com/"/>
    <property name="user.timezone" value="Asia/Kolkata"/>
    <property name="os.name" value="Mac OS X"/>
    <property name="java.vm.specification.version" value="23"/>
    <property name="sun.java.launcher" value="SUN_STANDARD"/>
    <property name="user.country" value="IN"/>
    <property name="sun.boot.library.path" value="/Library/Java/JavaVirtualMachines/jdk-23.jdk/Contents/Home/lib"/>
    <property name="sun.java.command" value="/Users/vipinyadav/eclipse-workspace/aaapnarestframework/target/surefire/surefirebooter-20241027154850304_3.jar /Users/vipinyadav/eclipse-workspace/aaapnarestframework/target/surefire 2024-10-27T15-48-50_263-jvmRun1 surefire-20241027154850304_1tmp surefire_0-20241027154850304_2tmp"/>
    <property name="http.nonProxyHosts" value="local|*.local|169.254/16|*.169.254/16"/>
    <property name="jdk.debug" value="release"/>
    <property name="surefire.test.class.path" value="/Users/vipinyadav/eclipse-workspace/aaapnarestframework/target/test-classes:/Users/vipinyadav/eclipse-workspace/aaapnarestframework/target/classes:/Users/vipinyadav/.m2/repository/io/rest-assured/rest-assured/5.4.0/rest-assured-5.4.0.jar:/Users/vipinyadav/.m2/repository/org/apache/groovy/groovy/4.0.16/groovy-4.0.16.jar:/Users/vipinyadav/.m2/repository/org/apache/groovy/groovy-xml/4.0.16/groovy-xml-4.0.16.jar:/Users/vipinyadav/.m2/repository/org/apache/httpcomponents/httpclient/4.5.13/httpclient-4.5.13.jar:/Users/vipinyadav/.m2/repository/org/apache/httpcomponents/httpcore/4.4.13/httpcore-4.4.13.jar:/Users/vipinyadav/.m2/repository/commons-logging/commons-logging/1.2/commons-logging-1.2.jar:/Users/vipinyadav/.m2/repository/org/apache/httpcomponents/httpmime/4.5.13/httpmime-4.5.13.jar:/Users/vipinyadav/.m2/repository/org/hamcrest/hamcrest/2.2/hamcrest-2.2.jar:/Users/vipinyadav/.m2/repository/org/ccil/cowan/tagsoup/tagsoup/1.2.1/tagsoup-1.2.1.jar:/Users/vipinyadav/.m2/repository/org/testng/testng/7.8.0/testng-7.8.0.jar:/Users/vipinyadav/.m2/repository/org/slf4j/slf4j-api/1.7.36/slf4j-api-1.7.36.jar:/Users/vipinyadav/.m2/repository/com/beust/jcommander/1.82/jcommander-1.82.jar:/Users/vipinyadav/.m2/repository/org/webjars/jquery/3.6.1/jquery-3.6.1.jar:/Users/vipinyadav/.m2/repository/com/googlecode/json-simple/json-simple/1.1.1/json-simple-1.1.1.jar:/Users/vipinyadav/.m2/repository/junit/junit/4.10/junit-4.10.jar:/Users/vipinyadav/.m2/repository/org/hamcrest/hamcrest-core/1.1/hamcrest-core-1.1.jar:/Users/vipinyadav/.m2/repository/io/rest-assured/json-path/5.4.0/json-path-5.4.0.jar:/Users/vipinyadav/.m2/repository/org/apache/groovy/groovy-json/4.0.16/groovy-json-4.0.16.jar:/Users/vipinyadav/.m2/repository/io/rest-assured/rest-assured-common/5.4.0/rest-assured-common-5.4.0.jar:/Users/vipinyadav/.m2/repository/io/rest-assured/xml-path/5.4.0/xml-path-5.4.0.jar:/Users/vipinyadav/.m2/repository/org/apache/commons/commons-lang3/3.11/commons-lang3-3.11.jar:/Users/vipinyadav/.m2/repository/io/rest-assured/json-schema-validator/5.4.0/json-schema-validator-5.4.0.jar:/Users/vipinyadav/.m2/repository/com/github/java-json-tools/json-schema-validator/2.2.14/json-schema-validator-2.2.14.jar:/Users/vipinyadav/.m2/repository/com/github/java-json-tools/jackson-coreutils-equivalence/1.0/jackson-coreutils-equivalence-1.0.jar:/Users/vipinyadav/.m2/repository/com/fasterxml/jackson/core/jackson-databind/2.11.0/jackson-databind-2.11.0.jar:/Users/vipinyadav/.m2/repository/com/fasterxml/jackson/core/jackson-annotations/2.11.0/jackson-annotations-2.11.0.jar:/Users/vipinyadav/.m2/repository/com/fasterxml/jackson/core/jackson-core/2.11.0/jackson-core-2.11.0.jar:/Users/vipinyadav/.m2/repository/com/github/java-json-tools/jackson-coreutils/2.0/jackson-coreutils-2.0.jar:/Users/vipinyadav/.m2/repository/com/github/java-json-tools/msg-simple/1.2/msg-simple-1.2.jar:/Users/vipinyadav/.m2/repository/com/github/java-json-tools/btf/1.3/btf-1.3.jar:/Users/vipinyadav/.m2/repository/com/github/java-json-tools/json-schema-core/1.2.14/json-schema-core-1.2.14.jar:/Users/vipinyadav/.m2/repository/com/github/java-json-tools/uri-template/0.10/uri-template-0.10.jar:/Users/vipinyadav/.m2/repository/org/mozilla/rhino/1.7.7.2/rhino-1.7.7.2.jar:/Users/vipinyadav/.m2/repository/com/sun/mail/mailapi/1.6.2/mailapi-1.6.2.jar:/Users/vipinyadav/.m2/repository/joda-time/joda-time/2.10.5/joda-time-2.10.5.jar:/Users/vipinyadav/.m2/repository/com/googlecode/libphonenumber/libphonenumber/8.11.1/libphonenumber-8.11.1.jar:/Users/vipinyadav/.m2/repository/com/google/code/findbugs/jsr305/3.0.2/jsr305-3.0.2.jar:/Users/vipinyadav/.m2/repository/net/sf/jopt-simple/jopt-simple/5.0.4/jopt-simple-5.0.4.jar:/Users/vipinyadav/.m2/repository/com/google/guava/guava/32.0.1-jre/guava-32.0.1-jre.jar:/Users/vipinyadav/.m2/repository/com/google/guava/failureaccess/1.0.1/failureaccess-1.0.1.jar:/Users/vipinyadav/.m2/repository/com/google/guava/listenablefuture/9999.0-empty-to-avoid-conflict-with-guava/listenablefuture-9999.0-empty-to-avoid-conflict-with-guava.jar:/Users/vipinyadav/.m2/repository/org/checkerframework/checker-qual/3.33.0/checker-qual-3.33.0.jar:/Users/vipinyadav/.m2/repository/com/google/errorprone/error_prone_annotations/2.18.0/error_prone_annotations-2.18.0.jar:/Users/vipinyadav/.m2/repository/com/google/j2objc/j2objc-annotations/2.8/j2objc-annotations-2.8.jar:/Users/vipinyadav/.m2/repository/com/github/javafaker/javafaker/1.0.2/javafaker-1.0.2.jar:/Users/vipinyadav/.m2/repository/org/yaml/snakeyaml/1.23/snakeyaml-1.23-android.jar:/Users/vipinyadav/.m2/repository/com/github/mifmif/generex/1.0.2/generex-1.0.2.jar:/Users/vipinyadav/.m2/repository/dk/brics/automaton/automaton/1.11-8/automaton-1.11-8.jar:/Users/vipinyadav/.m2/repository/com/aventstack/extentreports/5.0.9/extentreports-5.0.9.jar:/Users/vipinyadav/.m2/repository/io/reactivex/rxjava3/rxjava/3.0.4/rxjava-3.0.4.jar:/Users/vipinyadav/.m2/repository/org/reactivestreams/reactive-streams/1.0.3/reactive-streams-1.0.3.jar:/Users/vipinyadav/.m2/repository/org/freemarker/freemarker/2.3.30/freemarker-2.3.30.jar:/Users/vipinyadav/.m2/repository/org/projectlombok/lombok/1.18.12/lombok-1.18.12.jar:/Users/vipinyadav/.m2/repository/com/google/code/gson/gson/2.8.6/gson-2.8.6.jar:/Users/vipinyadav/.m2/repository/org/apache/poi/poi-ooxml/5.2.3/poi-ooxml-5.2.3.jar:/Users/vipinyadav/.m2/repository/org/apache/poi/poi-ooxml-lite/5.2.3/poi-ooxml-lite-5.2.3.jar:/Users/vipinyadav/.m2/repository/org/apache/xmlbeans/xmlbeans/5.1.1/xmlbeans-5.1.1.jar:/Users/vipinyadav/.m2/repository/org/apache/commons/commons-compress/1.21/commons-compress-1.21.jar:/Users/vipinyadav/.m2/repository/commons-io/commons-io/2.11.0/commons-io-2.11.0.jar:/Users/vipinyadav/.m2/repository/com/github/virtuald/curvesapi/1.07/curvesapi-1.07.jar:/Users/vipinyadav/.m2/repository/org/apache/commons/commons-collections4/4.4/commons-collections4-4.4.jar:/Users/vipinyadav/.m2/repository/org/apache/poi/poi/5.2.5/poi-5.2.5.jar:/Users/vipinyadav/.m2/repository/commons-codec/commons-codec/1.16.0/commons-codec-1.16.0.jar:/Users/vipinyadav/.m2/repository/org/apache/commons/commons-math3/3.6.1/commons-math3-3.6.1.jar:/Users/vipinyadav/.m2/repository/com/zaxxer/SparseBitSet/1.3/SparseBitSet-1.3.jar:/Users/vipinyadav/.m2/repository/org/apache/logging/log4j/log4j-api/2.23.1/log4j-api-2.23.1.jar:/Users/vipinyadav/.m2/repository/org/apache/logging/log4j/log4j-core/2.23.1/log4j-core-2.23.1.jar:"/>
    <property name="sun.cpu.endian" value="little"/>
    <property name="user.home" value="/Users/vipinyadav"/>
    <property name="user.language" value="en"/>
    <property name="java.specification.vendor" value="Oracle Corporation"/>
    <property name="java.version.date" value="2024-10-15"/>
    <property name="java.home" value="/Library/Java/JavaVirtualMachines/jdk-23.jdk/Contents/Home"/>
    <property name="file.separator" value="/"/>
    <property name="basedir" value="/Users/vipinyadav/eclipse-workspace/aaapnarestframework"/>
    <property name="java.vm.compressedOopsMode" value="Zero based"/>
    <property name="line.separator" value="&#10;"/>
    <property name="java.vm.specification.vendor" value="Oracle Corporation"/>
    <property name="java.specification.name" value="Java Platform API Specification"/>
    <property name="apple.awt.application.name" value="ForkedBooter"/>
    <property name="surefire.real.class.path" value="/Users/vipinyadav/eclipse-workspace/aaapnarestframework/target/surefire/surefirebooter-20241027154850304_3.jar"/>
    <property name="sun.management.compiler" value="HotSpot 64-Bit Tiered Compilers"/>
    <property name="ftp.nonProxyHosts" value="local|*.local|169.254/16|*.169.254/16"/>
    <property name="java.runtime.version" value="23.0.1+11-39"/>
    <property name="user.name" value="vipinyadav"/>
    <property name="stdout.encoding" value="UTF-8"/>
    <property name="path.separator" value=":"/>
    <property name="os.version" value="15.0.1"/>
    <property name="java.runtime.name" value="Java(TM) SE Runtime Environment"/>
    <property name="file.encoding" value="UTF-8"/>
    <property name="java.vm.name" value="Java HotSpot(TM) 64-Bit Server VM"/>
    <property name="localRepository" value="/Users/vipinyadav/.m2/repository"/>
    <property name="java.vendor.url.bug" value="https://bugreport.java.com/bugreport/"/>
    <property name="java.io.tmpdir" value="/var/folders/_l/hg9ksssd6l16js1kkr5m_brm0000gn/T/"/>
    <property name="java.version" value="23.0.1"/>
    <property name="user.dir" value="/Users/vipinyadav/eclipse-workspace/aaapnarestframework"/>
    <property name="os.arch" value="aarch64"/>
    <property name="java.vm.specification.name" value="Java Virtual Machine Specification"/>
    <property name="native.encoding" value="UTF-8"/>
    <property name="java.library.path" value="/Users/vipinyadav/Library/Java/Extensions:/Library/Java/Extensions:/Network/Library/Java/Extensions:/System/Library/Java/Extensions:/usr/lib/java:."/>
    <property name="java.vm.info" value="mixed mode, sharing"/>
    <property name="stderr.encoding" value="UTF-8"/>
    <property name="java.vendor" value="Oracle Corporation"/>
    <property name="java.vm.version" value="23.0.1+11-39"/>
    <property name="sun.io.unicode.encoding" value="UnicodeBig"/>
    <property name="socksNonProxyHosts" value="local|*.local|169.254/16|*.169.254/16"/>
    <property name="java.class.version" value="67.0"/>
  </properties>
  <testcase name="testCreateUser" classname="api.testcase.UserTest" time="2.227">
    <system-out><![CDATA[2024-10-27T10:18:50.701721Z main DEBUG Apache Log4j Core 2.23 initializing configuration XmlConfiguration[location=/Users/vipinyadav/eclipse-workspace/aaapnarestframework/target/test-classes/log4j2.xml]
2024-10-27T10:18:50.702612Z main DEBUG PluginManager 'Core' found 131 plugins
2024-10-27T10:18:50.702706Z main DEBUG PluginManager 'Level' found 0 plugins
2024-10-27T10:18:50.705031Z main DEBUG Building Plugin[name=property, class=org.apache.logging.log4j.core.config.Property].
2024-10-27T10:18:50.712601Z main DEBUG PluginManager 'TypeConverter' found 26 plugins
2024-10-27T10:18:50.715538Z main DEBUG createProperty(name="basePath", value="./logs", Configuration(/Users/vipinyadav/eclipse-workspace/aaapnarestframework/target/test-classes/log4j2.xml))
2024-10-27T10:18:50.716213Z main DEBUG Building Plugin[name=properties, class=org.apache.logging.log4j.core.config.PropertiesPlugin].
2024-10-27T10:18:50.717498Z main DEBUG configureSubstitutor(={basePath=./logs}, Configuration(/Users/vipinyadav/eclipse-workspace/aaapnarestframework/target/test-classes/log4j2.xml))
2024-10-27T10:18:50.717868Z main DEBUG PluginManager 'Lookup' found 16 plugins
2024-10-27T10:18:50.718081Z main DEBUG Building Plugin[name=layout, class=org.apache.logging.log4j.core.layout.PatternLayout].
2024-10-27T10:18:50.724447Z main DEBUG PatternLayout$Builder(pattern="%d{yyyy-MM-dd HH:mm:ss} %-5level %logger{36} - %msg%n", PatternSelector=null, Configuration(/Users/vipinyadav/eclipse-workspace/aaapnarestframework/target/test-classes/log4j2.xml), Replace=null, charset="null", alwaysWriteExceptions="null", disableAnsi="null", noConsoleNoAnsi="null", header="null", footer="null")
2024-10-27T10:18:50.724613Z main DEBUG PluginManager 'Converter' found 45 plugins
2024-10-27T10:18:50.727444Z main DEBUG Building Plugin[name=appender, class=org.apache.logging.log4j.core.appender.ConsoleAppender].
2024-10-27T10:18:50.731534Z main DEBUG ConsoleAppender$Builder(target="SYSTEM_OUT", follow="null", direct="null", bufferedIo="null", bufferSize="null", immediateFlush="null", ignoreExceptions="null", PatternLayout(%d{yyyy-MM-dd HH:mm:ss} %-5level %logger{36} - %msg%n), name="Console", Configuration(/Users/vipinyadav/eclipse-workspace/aaapnarestframework/target/test-classes/log4j2.xml), Filter=null, ={})
2024-10-27T10:18:50.732827Z main DEBUG Starting OutputStreamManager SYSTEM_OUT.false.false
2024-10-27T10:18:50.732924Z main DEBUG Building Plugin[name=layout, class=org.apache.logging.log4j.core.layout.PatternLayout].
2024-10-27T10:18:50.733129Z main DEBUG PatternLayout$Builder(pattern="%d{yyyy-MM-dd HH:mm:ss} %-5level %logger{36} - %msg%n", PatternSelector=null, Configuration(/Users/vipinyadav/eclipse-workspace/aaapnarestframework/target/test-classes/log4j2.xml), Replace=null, charset="null", alwaysWriteExceptions="null", disableAnsi="null", noConsoleNoAnsi="null", header="null", footer="null")
2024-10-27T10:18:50.733396Z main DEBUG Building Plugin[name=appender, class=org.apache.logging.log4j.core.appender.FileAppender].
2024-10-27T10:18:50.734798Z main DEBUG FileAppender$Builder(fileName="./logs/restassured.log", append="true", locking="null", advertise="null", advertiseUri="null", createOnDemand="null", filePermissions="null", fileOwner="null", fileGroup="null", bufferedIo="null", bufferSize="null", immediateFlush="null", ignoreExceptions="null", PatternLayout(%d{yyyy-MM-dd HH:mm:ss} %-5level %logger{36} - %msg%n), name="File", Configuration(/Users/vipinyadav/eclipse-workspace/aaapnarestframework/target/test-classes/log4j2.xml), Filter=null, ={})
2024-10-27T10:18:50.735901Z main DEBUG Starting FileManager ./logs/restassured.log
2024-10-27T10:18:50.736046Z main DEBUG Building Plugin[name=appenders, class=org.apache.logging.log4j.core.config.AppendersPlugin].
2024-10-27T10:18:50.736193Z main DEBUG createAppenders(={Console, File})
2024-10-27T10:18:50.736323Z main DEBUG Building Plugin[name=AppenderRef, class=org.apache.logging.log4j.core.config.AppenderRef].
2024-10-27T10:18:50.737234Z main DEBUG createAppenderRef(ref="Console", level="null", Filter=null)
2024-10-27T10:18:50.737651Z main DEBUG Building Plugin[name=AppenderRef, class=org.apache.logging.log4j.core.config.AppenderRef].
2024-10-27T10:18:50.737826Z main DEBUG createAppenderRef(ref="File", level="null", Filter=null)
2024-10-27T10:18:50.737910Z main DEBUG Building Plugin[name=logger, class=org.apache.logging.log4j.core.config.LoggerConfig].
2024-10-27T10:18:50.739030Z main DEBUG LoggerConfig$Builder(additivity="false", level="DEBUG", levelAndRefs="null", name="io.restassured", includeLocation="null", ={Console, File}, ={}, Configuration(/Users/vipinyadav/eclipse-workspace/aaapnarestframework/target/test-classes/log4j2.xml), Filter=null)
2024-10-27T10:18:50.739690Z main DEBUG Building Plugin[name=AppenderRef, class=org.apache.logging.log4j.core.config.AppenderRef].
2024-10-27T10:18:50.739838Z main DEBUG createAppenderRef(ref="Console", level="null", Filter=null)
2024-10-27T10:18:50.739922Z main DEBUG Building Plugin[name=AppenderRef, class=org.apache.logging.log4j.core.config.AppenderRef].
2024-10-27T10:18:50.740055Z main DEBUG createAppenderRef(ref="File", level="null", Filter=null)
2024-10-27T10:18:50.740126Z main DEBUG Building Plugin[name=root, class=org.apache.logging.log4j.core.config.LoggerConfig$RootLogger].
2024-10-27T10:18:50.741499Z main DEBUG LoggerConfig$RootLogger$Builder(additivity="null", level="INFO", levelAndRefs="null", includeLocation="null", ={Console, File}, ={}, Configuration(/Users/vipinyadav/eclipse-workspace/aaapnarestframework/target/test-classes/log4j2.xml), Filter=null)
2024-10-27T10:18:50.741645Z main DEBUG Building Plugin[name=loggers, class=org.apache.logging.log4j.core.config.LoggersPlugin].
2024-10-27T10:18:50.741905Z main DEBUG createLoggers(={io.restassured, root})
2024-10-27T10:18:50.742622Z main DEBUG Configuration XmlConfiguration[location=/Users/vipinyadav/eclipse-workspace/aaapnarestframework/target/test-classes/log4j2.xml] initialized
2024-10-27T10:18:50.742778Z main DEBUG Starting configuration XmlConfiguration[location=/Users/vipinyadav/eclipse-workspace/aaapnarestframework/target/test-classes/log4j2.xml]
2024-10-27T10:18:50.742880Z main DEBUG Started configuration XmlConfiguration[location=/Users/vipinyadav/eclipse-workspace/aaapnarestframework/target/test-classes/log4j2.xml] OK.
2024-10-27T10:18:50.743094Z main DEBUG Shutting down OutputStreamManager SYSTEM_OUT.false.false-1
2024-10-27T10:18:50.743173Z main DEBUG OutputStream closed
2024-10-27T10:18:50.743240Z main DEBUG Shut down OutputStreamManager SYSTEM_OUT.false.false-1, all resources released: true
2024-10-27T10:18:50.743304Z main DEBUG Appender DefaultConsole-1 stopped with status true
2024-10-27T10:18:50.743384Z main DEBUG Stopped org.apache.logging.log4j.core.config.DefaultConfiguration@5562c41e OK
2024-10-27T10:18:50.797023Z main DEBUG Registering MBean org.apache.logging.log4j2:type=18ff02e4
2024-10-27T10:18:50.797890Z main DEBUG Registering MBean org.apache.logging.log4j2:type=18ff02e4,component=StatusLogger
2024-10-27T10:18:50.798284Z main DEBUG Registering MBean org.apache.logging.log4j2:type=18ff02e4,component=ContextSelector
2024-10-27T10:18:50.798638Z main DEBUG Registering MBean org.apache.logging.log4j2:type=18ff02e4,component=Loggers,name=
2024-10-27T10:18:50.798822Z main DEBUG Registering MBean org.apache.logging.log4j2:type=18ff02e4,component=Loggers,name=io.restassured
2024-10-27T10:18:50.799076Z main DEBUG Registering MBean org.apache.logging.log4j2:type=18ff02e4,component=Appenders,name=Console
2024-10-27T10:18:50.799250Z main DEBUG Registering MBean org.apache.logging.log4j2:type=18ff02e4,component=Appenders,name=File
2024-10-27T10:18:50.799827Z main DEBUG org.apache.logging.log4j.core.util.SystemClock supports precise timestamps.
2024-10-27T10:18:50.799990Z main DEBUG Reconfiguration complete for context[name=18ff02e4] at URI /Users/vipinyadav/eclipse-workspace/aaapnarestframework/target/test-classes/log4j2.xml (org.apache.logging.log4j.core.LoggerContext@52066604) with optional ClassLoader: null
2024-10-27T10:18:50.800075Z main DEBUG Shutdown hook enabled. Registering a new one.
2024-10-27T10:18:50.800405Z main DEBUG LoggerContext[name=18ff02e4, org.apache.logging.log4j.core.LoggerContext@52066604] started OK.
2024-10-27 15:48:50 INFO  api.testcase.UserTest - create API test for endpoint...
HTTP/1.1 200 OK
Date: Sun, 27 Oct 2024 10:18:52 GMT
Content-Type: application/json
Transfer-Encoding: chunked
Connection: keep-alive
Access-Control-Allow-Origin: *
Access-Control-Allow-Methods: GET, POST, DELETE, PUT
Access-Control-Allow-Headers: Content-Type, api_key, Authorization
Server: Jetty(9.2.9.v20150224)

{
    "code": 200,
    "type": "unknown",
    "message": "664091267"
}
2024-10-27 15:48:53 INFO  api.testcase.UserTest - Test completed successfully.
]]></system-out>
    <system-err><![CDATA[SLF4J: Failed to load class "org.slf4j.impl.StaticLoggerBinder".
SLF4J: Defaulting to no-operation (NOP) logger implementation
SLF4J: See http://www.slf4j.org/codes.html#StaticLoggerBinder for further details.
]]></system-err>
  </testcase>
  <testcase name="getUserData" classname="api.testcase.UserTest" time="1.523">
    <system-out><![CDATA[2024-10-27 15:48:53 INFO  api.testcase.UserTest - getuser API test for user get...
HTTP/1.1 200 OK
Date: Sun, 27 Oct 2024 10:18:54 GMT
Content-Type: application/json
Transfer-Encoding: chunked
Connection: keep-alive
Access-Control-Allow-Origin: *
Access-Control-Allow-Methods: GET, POST, DELETE, PUT
Access-Control-Allow-Headers: Content-Type, api_key, Authorization
Server: Jetty(9.2.9.v20150224)

{
    "id": 664091267,
    "username": "john.abshire",
    "firstName": "Faustino",
    "lastName": "Keeling",
    "email": "jeffie.johnson@example.com",
    "password": "2cdbzl3z",
    "phone": "619-904-4577",
    "userStatus": 0
}
2024-10-27 15:48:54 INFO  api.testcase.UserTest - Test completed successfully.......
]]></system-out>
  </testcase>
  <testcase name="updateUser" classname="api.testcase.UserTest" time="1.464">
    <system-out><![CDATA[2024-10-27 15:48:54 INFO  api.testcase.UserTest - updare user API test for 3rd case...
HTTP/1.1 200 OK
Date: Sun, 27 Oct 2024 10:18:55 GMT
Content-Type: application/json
Transfer-Encoding: chunked
Connection: keep-alive
Access-Control-Allow-Origin: *
Access-Control-Allow-Methods: GET, POST, DELETE, PUT
Access-Control-Allow-Headers: Content-Type, api_key, Authorization
Server: Jetty(9.2.9.v20150224)

{
    "code": 200,
    "type": "unknown",
    "message": "664091267"
}
2024-10-27 15:48:56 INFO  api.testcase.UserTest - Test completed successfully.
]]></system-out>
  </testcase>
  <testcase name="deleteUser" classname="api.testcase.UserTest" time="1.678">
    <system-out><![CDATA[2024-10-27 15:48:56 INFO  api.testcase.UserTest - delete user API test for 4th case...
HTTP/1.1 200 OK
Date: Sun, 27 Oct 2024 10:18:57 GMT
Content-Type: application/json
Transfer-Encoding: chunked
Connection: keep-alive
Access-Control-Allow-Origin: *
Access-Control-Allow-Methods: GET, POST, DELETE, PUT
Access-Control-Allow-Headers: Content-Type, api_key, Authorization
Server: Jetty(9.2.9.v20150224)

{
    "code": 200,
    "type": "unknown",
    "message": "john.abshire"
}
2024-10-27 15:48:57 INFO  api.testcase.UserTest - Test completed successfully.
]]></system-out>
  </testcase>
</testsuite>