<?xml version="1.0" encoding="UTF-8"?>
<!-- Generated by org.testng.reporters.JUnitReportReporter -->
<testsuite hostname="Vipins-MacBook-Air.local" failures="0" tests="4" name="api.testcase.UserTest1" time="16.706" errors="0" timestamp="2024-10-27T15:29:08 IST" skipped="0">
  <testcase classname="api.testcase.UserTest1" name="testCreateUser" time="11.308"/>
  <testcase classname="api.testcase.UserTest1" name="getUserData" time="1.949"/>
  <testcase classname="api.testcase.UserTest1" name="updateUser" time="1.819"/>
  <testcase classname="api.testcase.UserTest1" name="deleteUser" time="1.630"/>
</testsuite> <!-- api.testcase.UserTest1 -->
