<?xml version="1.0" encoding="UTF-8"?>
<!-- Generated by org.testng.reporters.JUnitReportReporter -->
<testsuite hostname="Vipins-MacBook-Air.local" failures="0" tests="4" name="api.testcase.UserTest" time="9.737" errors="0" timestamp="2024-10-27T14:53:19 IST" skipped="0">
  <testcase classname="api.testcase.UserTest" name="testCreateUser" time="4.830"/>
  <testcase classname="api.testcase.UserTest" name="getUserData" time="1.665"/>
  <testcase classname="api.testcase.UserTest" name="updateUser" time="1.616"/>
  <testcase classname="api.testcase.UserTest" name="deleteUser" time="1.626"/>
</testsuite> <!-- api.testcase.UserTest -->
