<?xml version="1.0" encoding="UTF-8"?>
<!-- Generated by org.testng.reporters.JUnitReportReporter -->
<testsuite hostname="Vipins-MacBook-Air.local" failures="0" tests="4" name="api.testcase.UserTest" time="6.890" errors="0" timestamp="2024-10-27T15:48:57 IST" skipped="0">
  <testcase classname="api.testcase.UserTest" name="testCreateUser" time="2.226"/>
  <testcase classname="api.testcase.UserTest" name="getUserData" time="1.524"/>
  <testcase classname="api.testcase.UserTest" name="updateUser" time="1.463"/>
  <testcase classname="api.testcase.UserTest" name="deleteUser" time="1.677"/>
</testsuite> <!-- api.testcase.UserTest -->
